{
  "uid" : "57de4748a2d0945b",
  "name" : "createdSpotsShouldHaveProperCoordinates",
  "fullName" : "com.example.api.task.solution.spot.SpotCreationTest.createdSpotsShouldHaveProperCoordinates",
  "historyId" : "330020f82ae5d03bdaf2c50bbd5e1860",
  "time" : {
    "start" : 1607551265630,
    "stop" : 1607551265645,
    "duration" : 15
  },
  "status" : "failed",
  "statusMessage" : "\nExpecting:\n <47.06512147344556>\nto be equal to:\n <47.06512>\nbut was not.",
  "statusTrace" : "java.lang.AssertionError: \nExpecting:\n <47.06512147344556>\nto be equal to:\n <47.06512>\nbut was not.\n\tat com.example.api.task.solution.spot.SpotCreationTest.lambda$createdSpotsShouldHaveProperCoordinates$3(SpotCreationTest.java:48)\n\tat java.base/java.util.HashMap.forEach(HashMap.java:1336)\n\tat com.example.api.task.solution.spot.SpotCreationTest.createdSpotsShouldHaveProperCoordinates(SpotCreationTest.java:47)\n\tat java.base/jdk.internal.reflect.NativeMethodAccessorImpl.invoke0(Native Method)\n\tat java.base/jdk.internal.reflect.NativeMethodAccessorImpl.invoke(NativeMethodAccessorImpl.java:62)\n\tat java.base/jdk.internal.reflect.DelegatingMethodAccessorImpl.invoke(DelegatingMethodAccessorImpl.java:43)\n\tat java.base/java.lang.reflect.Method.invoke(Method.java:566)\n\tat org.testng.internal.MethodInvocationHelper.invokeMethod(MethodInvocationHelper.java:134)\n\tat org.testng.internal.TestInvoker.invokeMethod(TestInvoker.java:597)\n\tat org.testng.internal.TestInvoker.invokeTestMethod(TestInvoker.java:173)\n\tat org.testng.internal.MethodRunner.runInSequence(MethodRunner.java:46)\n\tat org.testng.internal.TestInvoker$MethodInvocationAgent.invoke(TestInvoker.java:816)\n\tat org.testng.internal.TestInvoker.invokeTestMethods(TestInvoker.java:146)\n\tat org.testng.internal.TestMethodWorker.invokeTestMethods(TestMethodWorker.java:146)\n\tat org.testng.internal.TestMethodWorker.run(TestMethodWorker.java:128)\n\tat java.base/java.util.ArrayList.forEach(ArrayList.java:1541)\n\tat org.testng.TestRunner.privateRun(TestRunner.java:766)\n\tat org.testng.TestRunner.run(TestRunner.java:587)\n\tat org.testng.SuiteRunner.runTest(SuiteRunner.java:384)\n\tat org.testng.SuiteRunner.runSequentially(SuiteRunner.java:378)\n\tat org.testng.SuiteRunner.privateRun(SuiteRunner.java:337)\n\tat org.testng.SuiteRunner.run(SuiteRunner.java:286)\n\tat org.testng.SuiteRunnerWorker.runSuite(SuiteRunnerWorker.java:53)\n\tat org.testng.SuiteRunnerWorker.run(SuiteRunnerWorker.java:96)\n\tat org.testng.TestNG.runSuitesSequentially(TestNG.java:1187)\n\tat org.testng.TestNG.runSuitesLocally(TestNG.java:1109)\n\tat org.testng.TestNG.runSuites(TestNG.java:1039)\n\tat org.testng.TestNG.run(TestNG.java:1007)\n\tat org.apache.maven.surefire.testng.TestNGExecutor.run(TestNGExecutor.java:284)\n\tat org.apache.maven.surefire.testng.TestNGXmlTestSuite.execute(TestNGXmlTestSuite.java:75)\n\tat org.apache.maven.surefire.testng.TestNGProvider.invoke(TestNGProvider.java:119)\n\tat org.apache.maven.surefire.booter.ForkedBooter.runSuitesInProcess(ForkedBooter.java:428)\n\tat org.apache.maven.surefire.booter.ForkedBooter.execute(ForkedBooter.java:162)\n\tat org.apache.maven.surefire.booter.ForkedBooter.run(ForkedBooter.java:562)\n\tat org.apache.maven.surefire.booter.ForkedBooter.main(ForkedBooter.java:548)\n",
  "flaky" : false,
  "newFailed" : false,
  "beforeStages" : [ ],
  "testStage" : {
    "status" : "failed",
    "statusMessage" : "\nExpecting:\n <47.06512147344556>\nto be equal to:\n <47.06512>\nbut was not.",
    "statusTrace" : "java.lang.AssertionError: \nExpecting:\n <47.06512147344556>\nto be equal to:\n <47.06512>\nbut was not.\n\tat com.example.api.task.solution.spot.SpotCreationTest.lambda$createdSpotsShouldHaveProperCoordinates$3(SpotCreationTest.java:48)\n\tat java.base/java.util.HashMap.forEach(HashMap.java:1336)\n\tat com.example.api.task.solution.spot.SpotCreationTest.createdSpotsShouldHaveProperCoordinates(SpotCreationTest.java:47)\n\tat java.base/jdk.internal.reflect.NativeMethodAccessorImpl.invoke0(Native Method)\n\tat java.base/jdk.internal.reflect.NativeMethodAccessorImpl.invoke(NativeMethodAccessorImpl.java:62)\n\tat java.base/jdk.internal.reflect.DelegatingMethodAccessorImpl.invoke(DelegatingMethodAccessorImpl.java:43)\n\tat java.base/java.lang.reflect.Method.invoke(Method.java:566)\n\tat org.testng.internal.MethodInvocationHelper.invokeMethod(MethodInvocationHelper.java:134)\n\tat org.testng.internal.TestInvoker.invokeMethod(TestInvoker.java:597)\n\tat org.testng.internal.TestInvoker.invokeTestMethod(TestInvoker.java:173)\n\tat org.testng.internal.MethodRunner.runInSequence(MethodRunner.java:46)\n\tat org.testng.internal.TestInvoker$MethodInvocationAgent.invoke(TestInvoker.java:816)\n\tat org.testng.internal.TestInvoker.invokeTestMethods(TestInvoker.java:146)\n\tat org.testng.internal.TestMethodWorker.invokeTestMethods(TestMethodWorker.java:146)\n\tat org.testng.internal.TestMethodWorker.run(TestMethodWorker.java:128)\n\tat java.base/java.util.ArrayList.forEach(ArrayList.java:1541)\n\tat org.testng.TestRunner.privateRun(TestRunner.java:766)\n\tat org.testng.TestRunner.run(TestRunner.java:587)\n\tat org.testng.SuiteRunner.runTest(SuiteRunner.java:384)\n\tat org.testng.SuiteRunner.runSequentially(SuiteRunner.java:378)\n\tat org.testng.SuiteRunner.privateRun(SuiteRunner.java:337)\n\tat org.testng.SuiteRunner.run(SuiteRunner.java:286)\n\tat org.testng.SuiteRunnerWorker.runSuite(SuiteRunnerWorker.java:53)\n\tat org.testng.SuiteRunnerWorker.run(SuiteRunnerWorker.java:96)\n\tat org.testng.TestNG.runSuitesSequentially(TestNG.java:1187)\n\tat org.testng.TestNG.runSuitesLocally(TestNG.java:1109)\n\tat org.testng.TestNG.runSuites(TestNG.java:1039)\n\tat org.testng.TestNG.run(TestNG.java:1007)\n\tat org.apache.maven.surefire.testng.TestNGExecutor.run(TestNGExecutor.java:284)\n\tat org.apache.maven.surefire.testng.TestNGXmlTestSuite.execute(TestNGXmlTestSuite.java:75)\n\tat org.apache.maven.surefire.testng.TestNGProvider.invoke(TestNGProvider.java:119)\n\tat org.apache.maven.surefire.booter.ForkedBooter.runSuitesInProcess(ForkedBooter.java:428)\n\tat org.apache.maven.surefire.booter.ForkedBooter.execute(ForkedBooter.java:162)\n\tat org.apache.maven.surefire.booter.ForkedBooter.run(ForkedBooter.java:562)\n\tat org.apache.maven.surefire.booter.ForkedBooter.main(ForkedBooter.java:548)\n",
    "steps" : [ {
      "name" : "assertThat '47.06512147344556'",
      "time" : {
        "start" : 1607551265631,
        "stop" : 1607551265633,
        "duration" : 2
      },
      "status" : "passed",
      "steps" : [ ],
      "attachments" : [ ],
      "parameters" : [ ],
      "stepsCount" : 0,
      "attachmentsCount" : 0,
      "shouldDisplayMessage" : false,
      "hasContent" : false
    }, {
      "name" : "isEqualByComparingTo '47.06512'",
      "time" : {
        "start" : 1607551265634,
        "stop" : 1607551265640,
        "duration" : 6
      },
      "status" : "failed",
      "statusMessage" : "\nExpecting:\n <47.06512147344556>\nto be equal to:\n <47.06512>\nbut was not.",
      "statusTrace" : "java.lang.AssertionError: \nExpecting:\n <47.06512147344556>\nto be equal to:\n <47.06512>\nbut was not.\n\tat com.example.api.task.solution.spot.SpotCreationTest.lambda$createdSpotsShouldHaveProperCoordinates$3(SpotCreationTest.java:48)\n\tat java.base/java.util.HashMap.forEach(HashMap.java:1336)\n\tat com.example.api.task.solution.spot.SpotCreationTest.createdSpotsShouldHaveProperCoordinates(SpotCreationTest.java:47)\n\tat java.base/jdk.internal.reflect.NativeMethodAccessorImpl.invoke0(Native Method)\n\tat java.base/jdk.internal.reflect.NativeMethodAccessorImpl.invoke(NativeMethodAccessorImpl.java:62)\n\tat java.base/jdk.internal.reflect.DelegatingMethodAccessorImpl.invoke(DelegatingMethodAccessorImpl.java:43)\n\tat java.base/java.lang.reflect.Method.invoke(Method.java:566)\n\tat org.testng.internal.MethodInvocationHelper.invokeMethod(MethodInvocationHelper.java:134)\n\tat org.testng.internal.TestInvoker.invokeMethod(TestInvoker.java:597)\n\tat org.testng.internal.TestInvoker.invokeTestMethod(TestInvoker.java:173)\n\tat org.testng.internal.MethodRunner.runInSequence(MethodRunner.java:46)\n\tat org.testng.internal.TestInvoker$MethodInvocationAgent.invoke(TestInvoker.java:816)\n\tat org.testng.internal.TestInvoker.invokeTestMethods(TestInvoker.java:146)\n\tat org.testng.internal.TestMethodWorker.invokeTestMethods(TestMethodWorker.java:146)\n\tat org.testng.internal.TestMethodWorker.run(TestMethodWorker.java:128)\n\tat java.base/java.util.ArrayList.forEach(ArrayList.java:1541)\n\tat org.testng.TestRunner.privateRun(TestRunner.java:766)\n\tat org.testng.TestRunner.run(TestRunner.java:587)\n\tat org.testng.SuiteRunner.runTest(SuiteRunner.java:384)\n\tat org.testng.SuiteRunner.runSequentially(SuiteRunner.java:378)\n\tat org.testng.SuiteRunner.privateRun(SuiteRunner.java:337)\n\tat org.testng.SuiteRunner.run(SuiteRunner.java:286)\n\tat org.testng.SuiteRunnerWorker.runSuite(SuiteRunnerWorker.java:53)\n\tat org.testng.SuiteRunnerWorker.run(SuiteRunnerWorker.java:96)\n\tat org.testng.TestNG.runSuitesSequentially(TestNG.java:1187)\n\tat org.testng.TestNG.runSuitesLocally(TestNG.java:1109)\n\tat org.testng.TestNG.runSuites(TestNG.java:1039)\n\tat org.testng.TestNG.run(TestNG.java:1007)\n\tat org.apache.maven.surefire.testng.TestNGExecutor.run(TestNGExecutor.java:284)\n\tat org.apache.maven.surefire.testng.TestNGXmlTestSuite.execute(TestNGXmlTestSuite.java:75)\n\tat org.apache.maven.surefire.testng.TestNGProvider.invoke(TestNGProvider.java:119)\n\tat org.apache.maven.surefire.booter.ForkedBooter.runSuitesInProcess(ForkedBooter.java:428)\n\tat org.apache.maven.surefire.booter.ForkedBooter.execute(ForkedBooter.java:162)\n\tat org.apache.maven.surefire.booter.ForkedBooter.run(ForkedBooter.java:562)\n\tat org.apache.maven.surefire.booter.ForkedBooter.main(ForkedBooter.java:548)\n",
      "steps" : [ ],
      "attachments" : [ ],
      "parameters" : [ ],
      "stepsCount" : 0,
      "attachmentsCount" : 0,
      "shouldDisplayMessage" : true,
      "hasContent" : true
    } ],
    "attachments" : [ ],
    "parameters" : [ ],
    "stepsCount" : 2,
    "attachmentsCount" : 0,
    "shouldDisplayMessage" : false,
    "hasContent" : true
  },
  "afterStages" : [ ],
  "labels" : [ {
    "name" : "package",
    "value" : "com.example.api.task.solution.spot.SpotCreationTest"
  }, {
    "name" : "testClass",
    "value" : "com.example.api.task.solution.spot.SpotCreationTest"
  }, {
    "name" : "testMethod",
    "value" : "createdSpotsShouldHaveProperCoordinates"
  }, {
    "name" : "parentSuite",
    "value" : "Api Test Suite"
  }, {
    "name" : "suite",
    "value" : "Create spots on map"
  }, {
    "name" : "subSuite",
    "value" : "com.example.api.task.solution.spot.SpotCreationTest"
  }, {
    "name" : "host",
    "value" : "fv-az21-257"
  }, {
    "name" : "thread",
    "value" : "12224@fv-az21-257.main(1)"
  }, {
    "name" : "framework",
    "value" : "testng"
  }, {
    "name" : "language",
    "value" : "java"
  }, {
    "name" : "resultFormat",
    "value" : "allure2"
  } ],
  "parameters" : [ ],
  "links" : [ ],
  "hidden" : false,
  "retry" : false,
  "extra" : {
    "severity" : "normal",
    "retries" : [ ],
    "categories" : [ {
      "name" : "Product defects",
      "matchedStatuses" : [ ],
      "flaky" : false
    } ],
    "history" : {
      "statistic" : {
        "failed" : 1,
        "broken" : 0,
        "skipped" : 14,
        "passed" : 0,
        "unknown" : 0,
        "total" : 15
      },
      "items" : [ {
        "uid" : "4504bde8610dfdc0",
        "reportUrl" : "https://SeleniumTestAB.github.io/bitpanda-tasks-solution/40//#testresult/4504bde8610dfdc0",
        "status" : "skipped",
        "statusDetails" : "Method SpotCreationTest.createdSpotsShouldHaveProperCoordinates()[pri:0, instance:com.example.api.task.solution.spot.SpotCreationTest@70331432] depends on not successfully finished methods",
        "time" : {
          "start" : 1607549466487,
          "stop" : 1607549466487,
          "duration" : 0
        }
      }, {
        "uid" : "aa288c8130373a4c",
        "reportUrl" : "https://SeleniumTestAB.github.io/bitpanda-tasks-solution/39//#testresult/aa288c8130373a4c",
        "status" : "skipped",
        "statusDetails" : "Method SpotCreationTest.createdSpotsShouldHaveProperCoordinates()[pri:0, instance:com.example.api.task.solution.spot.SpotCreationTest@4a7a965d] depends on not successfully finished methods",
        "time" : {
          "start" : 1607548871383,
          "stop" : 1607548871384,
          "duration" : 1
        }
      }, {
        "uid" : "82e6f603d3043395",
        "reportUrl" : "https://SeleniumTestAB.github.io/bitpanda-tasks-solution/38//#testresult/82e6f603d3043395",
        "status" : "skipped",
        "statusDetails" : "Method SpotCreationTest.createdSpotsShouldHaveProperCoordinates()[pri:0, instance:com.example.api.task.solution.spot.SpotCreationTest@30669dac] depends on not successfully finished methods",
        "time" : {
          "start" : 1607547594133,
          "stop" : 1607547594133,
          "duration" : 0
        }
      }, {
        "uid" : "66664cc97e2bd020",
        "reportUrl" : "https://SeleniumTestAB.github.io/bitpanda-tasks-solution/37//#testresult/66664cc97e2bd020",
        "status" : "skipped",
        "statusDetails" : "Method SpotCreationTest.createdSpotsShouldHaveProperCoordinates()[pri:0, instance:com.example.api.task.solution.spot.SpotCreationTest@365a6a43] depends on not successfully finished methods",
        "time" : {
          "start" : 1607546849012,
          "stop" : 1607546849013,
          "duration" : 1
        }
      }, {
        "uid" : "7d7fc6b6d7159928",
        "reportUrl" : "https://SeleniumTestAB.github.io/bitpanda-tasks-solution/36//#testresult/7d7fc6b6d7159928",
        "status" : "skipped",
        "statusDetails" : "Method SpotCreationTest.createdSpotsShouldHaveProperCoordinates()[pri:0, instance:com.example.api.task.solution.spot.SpotCreationTest@422b8438] depends on not successfully finished methods",
        "time" : {
          "start" : 1607546329386,
          "stop" : 1607546329387,
          "duration" : 1
        }
      }, {
        "uid" : "f990472491139014",
        "reportUrl" : "https://SeleniumTestAB.github.io/bitpanda-tasks-solution/35//#testresult/f990472491139014",
        "status" : "skipped",
        "statusDetails" : "Method SpotCreationTest.createdSpotsShouldHaveProperCoordinates()[pri:0, instance:com.example.api.task.solution.spot.SpotCreationTest@54d901aa] depends on not successfully finished methods",
        "time" : {
          "start" : 1607545238223,
          "stop" : 1607545238224,
          "duration" : 1
        }
      }, {
        "uid" : "391a202ce27f266e",
        "reportUrl" : "https://SeleniumTestAB.github.io/bitpanda-tasks-solution/34//#testresult/391a202ce27f266e",
        "status" : "skipped",
        "statusDetails" : "Method SpotCreationTest.createdSpotsShouldHaveProperCoordinates()[pri:0, instance:com.example.api.task.solution.spot.SpotCreationTest@6d5037a9] depends on not successfully finished methods",
        "time" : {
          "start" : 1607543731203,
          "stop" : 1607543731203,
          "duration" : 0
        }
      }, {
        "uid" : "c46da51a790fd353",
        "reportUrl" : "https://SeleniumTestAB.github.io/bitpanda-tasks-solution/33//#testresult/c46da51a790fd353",
        "status" : "skipped",
        "statusDetails" : "Method SpotCreationTest.createdSpotsShouldHaveProperCoordinates()[pri:0, instance:com.example.api.task.solution.spot.SpotCreationTest@4a7a965d] depends on not successfully finished methods",
        "time" : {
          "start" : 1607543163072,
          "stop" : 1607543163073,
          "duration" : 1
        }
      }, {
        "uid" : "2f6a42a0f400dc5a",
        "reportUrl" : "https://SeleniumTestAB.github.io/bitpanda-tasks-solution/32//#testresult/2f6a42a0f400dc5a",
        "status" : "skipped",
        "statusDetails" : "Method SpotCreationTest.createdSpotsShouldHaveProperCoordinates()[pri:0, instance:com.example.api.task.solution.spot.SpotCreationTest@23b3aa8c] depends on not successfully finished methods",
        "time" : {
          "start" : 1607542687408,
          "stop" : 1607542687408,
          "duration" : 0
        }
      }, {
        "uid" : "232892664d2a624c",
        "reportUrl" : "https://SeleniumTestAB.github.io/bitpanda-tasks-solution/31//#testresult/232892664d2a624c",
        "status" : "skipped",
        "statusDetails" : "Method SpotCreationTest.createdSpotsShouldHaveProperCoordinates()[pri:0, instance:com.example.api.task.solution.spot.SpotCreationTest@100c567f] depends on not successfully finished methods",
        "time" : {
          "start" : 1607541345378,
          "stop" : 1607541345379,
          "duration" : 1
        }
      }, {
        "uid" : "a5c8f8c4814aec85",
        "reportUrl" : "https://SeleniumTestAB.github.io/bitpanda-tasks-solution/30//#testresult/a5c8f8c4814aec85",
        "status" : "skipped",
        "statusDetails" : "Method SpotCreationTest.createdSpotsShouldHaveProperCoordinates()[pri:0, instance:com.example.api.task.solution.spot.SpotCreationTest@70331432] depends on not successfully finished methods",
        "time" : {
          "start" : 1607540828957,
          "stop" : 1607540828958,
          "duration" : 1
        }
      }, {
        "uid" : "31ce10f209ec939e",
        "reportUrl" : "https://SeleniumTestAB.github.io/bitpanda-tasks-solution/28//#testresult/31ce10f209ec939e",
        "status" : "skipped",
        "statusDetails" : "Method SpotCreationTest.createdSpotsShouldHaveProperCoordinates()[pri:0, instance:com.example.api.task.solution.spot.SpotCreationTest@100c567f] depends on not successfully finished methods",
        "time" : {
          "start" : 1607536783166,
          "stop" : 1607536783167,
          "duration" : 1
        }
      }, {
        "uid" : "888f5a5ce4499d8c",
        "reportUrl" : "https://SeleniumTestAB.github.io/bitpanda-tasks-solution/27//#testresult/888f5a5ce4499d8c",
        "status" : "skipped",
        "statusDetails" : "Method SpotCreationTest.createdSpotsShouldHaveProperCoordinates()[pri:0, instance:com.example.api.task.solution.spot.SpotCreationTest@70e13fa] depends on not successfully finished methods",
        "time" : {
          "start" : 1607535587696,
          "stop" : 1607535587697,
          "duration" : 1
        }
      }, {
        "uid" : "46316c11aa2d1480",
        "reportUrl" : "https://SeleniumTestAB.github.io/bitpanda-tasks-solution/24//#testresult/46316c11aa2d1480",
        "status" : "skipped",
        "statusDetails" : "Method SpotCreationTest.createdSpotsShouldHaveProperCoordinates()[pri:0, instance:com.example.api.task.solution.spot.SpotCreationTest@1de9d54] depends on not successfully finished methods",
        "time" : {
          "start" : 1607530915663,
          "stop" : 1607530915663,
          "duration" : 0
        }
      } ]
    },
    "tags" : [ ]
  },
  "source" : "57de4748a2d0945b.json",
  "parameterValues" : [ ]
}